Arguments: 
  C:\Program Files\nodejs\node.exe C:\Program Files (x86)\Yarn\bin\yarn.js install

PATH: 
  C:\Program Files (x86)\Common Files\Oracle\Java\javapath;C:\WINDOWS\system32;C:\WINDOWS;C:\WINDOWS\System32\Wbem;C:\WINDOWS\System32\WindowsPowerShell\v1.0\;C:\WINDOWS\System32\OpenSSH\;C:\Program Files\Intel\WiFi\bin\;C:\Program Files\Common Files\Intel\WirelessCommon\;C:\Program Files\Microsoft SQL Server\Client SDK\ODBC\130\Tools\Binn\;C:\Program Files (x86)\Microsoft SQL Server\140\Tools\Binn\;C:\Program Files\Microsoft SQL Server\140\Tools\Binn\;C:\Program Files\Microsoft SQL Server\140\DTS\Binn\;C:\Program Files (x86)\Microsoft SQL Server\150\DTS\Binn\;C:\Program Files\Git\cmd;C:\Program Files\Microsoft SQL Server\Client SDK\ODBC\170\Tools\Binn\;C:\Program Files (x86)\Microsoft SQL Server\150\Tools\Binn\;C:\Program Files\Microsoft SQL Server\150\Tools\Binn\;C:\Program Files\Microsoft SQL Server\150\DTS\Binn\;C:\Program Files (x86)\Yarn\bin\;C:\ProgramData\chocolatey\bin;%NVM_HOME%;%NVM_SYMLINK%;C:\Program Files\Docker\Docker\resources\bin;C:\ProgramData\DockerDesktop\version-bin;C:\Users\antbo\AppData\Local\Microsoft\WindowsApps;C:\Users\antbo\AppData\Local\Programs\Microsoft VS Code\bin;C:\Users\antbo\AppData\Local\GitHubDesktop\bin;C:\Users\antbo\AppData\Roaming\npm;C:\Users\antbo\AppData\Local\Microsoft\WindowsApps;C:\Users\antbo\AppData\Local\Yarn\bin;C:\Users\antbo\AppData\Roaming\nvm;C:\Program Files\nodejs

Yarn version: 
  1.22.5

Node version: 
  12.19.0

Platform: 
  win32 x64

Trace: 
  Error: EPERM: operation not permitted, unlink 'C:\Users\antbo\AppData\Local\Yarn\Cache\v6\npm-caniuse-lite-1.0.30001185-3482a407d261da04393e2f0d61eefbc53be43b95-integrity\node_modules\caniuse-lite\.yarn-tarball.tgz'

npm manifest: 
  {
    "name": "bpmn-js-example-properties-panel",
    "version": "0.0.0",
    "description": "A bpmn-js modeler + properties panel example",
    "main": "app/index.js",
    "scripts": {
      "all": "run-s bundle",
      "dev": "run-s bundle:less watch:js",
      "start": "run-s bundle serve",
      "serve": "sirv public --dev",
      "bundle": "run-s bundle:*",
      "bundle:less": "lessc src/app.less public/app.css",
      "bundle:js": "webpack -c webpack.config.js",
      "watch:js": "run-s \"bundle:js -- --watch\""
    },
    "repository": {
      "type": "git",
      "url": "https://github.com/bpmn-io/bpmn-js-examples",
      "directory": "properties-panel"
    },
    "keywords": [
      "bpmnjs-example",
      "bpmn-js-properties-panel"
    ],
    "author": {
      "name": "Nico Rehwaldt",
      "url": "https://github.com/nikku"
    },
    "contributors": [
      {
        "name": "bpmn.io contributors",
        "url": "https://github.com/bpmn-io"
      }
    ],
    "license": "MIT",
    "dependencies": {
      "bpmn-js": "^8.2.0",
      "bpmn-js-properties-panel": "^0.38.1",
      "camunda-bpmn-moddle": "^4.0.1",
      "jquery": "^3.5.1",
      "min-dash": "^3.5.2"
    },
    "devDependencies": {
      "copy-webpack-plugin": "^7.0.0",
      "less": "^4.1.0",
      "npm-run-all": "^4.1.5",
      "raw-loader": "^4.0.2",
      "sirv-cli": "^1.0.10",
      "webpack": "^5.16.0",
      "webpack-cli": "^4.4.0"
    }
  }

yarn manifest: 
  No manifest

Lockfile: 
  No lockfile
