Arguments: 
  C:\Program Files\nodejs\node.exe C:\Program Files (x86)\Yarn\bin\yarn.js install

PATH: 
  C:\Program Files (x86)\Common Files\Oracle\Java\javapath;C:\WINDOWS\system32;C:\WINDOWS;C:\WINDOWS\System32\Wbem;C:\WINDOWS\System32\WindowsPowerShell\v1.0\;C:\WINDOWS\System32\OpenSSH\;C:\Program Files\Intel\WiFi\bin\;C:\Program Files\Common Files\Intel\WirelessCommon\;C:\Program Files\Microsoft SQL Server\Client SDK\ODBC\130\Tools\Binn\;C:\Program Files (x86)\Microsoft SQL Server\140\Tools\Binn\;C:\Program Files\Microsoft SQL Server\140\Tools\Binn\;C:\Program Files\Microsoft SQL Server\140\DTS\Binn\;C:\Program Files (x86)\Microsoft SQL Server\150\DTS\Binn\;C:\Program Files\Git\cmd;C:\Program Files\Microsoft SQL Server\Client SDK\ODBC\170\Tools\Binn\;C:\Program Files (x86)\Microsoft SQL Server\150\Tools\Binn\;C:\Program Files\Microsoft SQL Server\150\Tools\Binn\;C:\Program Files\Microsoft SQL Server\150\DTS\Binn\;C:\Program Files (x86)\Yarn\bin\;C:\ProgramData\chocolatey\bin;%NVM_HOME%;%NVM_SYMLINK%;C:\Program Files\Docker\Docker\resources\bin;C:\ProgramData\DockerDesktop\version-bin;C:\Users\antbo\AppData\Local\Microsoft\WindowsApps;C:\Users\antbo\AppData\Local\Programs\Microsoft VS Code\bin;C:\Users\antbo\AppData\Local\GitHubDesktop\bin;C:\Users\antbo\AppData\Roaming\npm;C:\Users\antbo\AppData\Local\Microsoft\WindowsApps;C:\Users\antbo\AppData\Local\Yarn\bin;C:\Users\antbo\AppData\Roaming\nvm;C:\Program Files\nodejs

Yarn version: 
  1.22.5

Node version: 
  12.19.0

Platform: 
  win32 x64

Trace: 
  Error: https://registry.yarnpkg.com/acorn-node/-/acorn-node-1.8.2.tgz: ENOENT: no such file or directory, open 'C:\Users\antbo\AppData\Local\Yarn\Cache\v6\npm-acorn-node-1.8.2-114c95d64539e53dede23de8b9d96df7c7ae2af8-integrity\node_modules\acorn-node\.yarn-tarball.tgz'

npm manifest: 
  {
    "name": "bpmn-js-example-commenting",
    "version": "0.0.0",
    "description": "An example how to read and write custom BPMN 2.0 extensions",
    "scripts": {
      "all": "run-s lint test",
      "lint": "eslint .",
      "dev": "npm test -- --auto-watch --no-single-run",
      "test": "karma start"
    },
    "repository": {
      "type": "git",
      "url": "https://github.com/bpmn-io/bpmn-js-examples"
    },
    "keywords": [
      "bpmnjs-example"
    ],
    "author": {
      "name": "Nico Rehwaldt",
      "url": "https://github.com/nikku"
    },
    "contributors": [
      {
        "name": "bpmn.io contributors",
        "url": "https://github.com/bpmn-io"
      }
    ],
    "license": "MIT",
    "devDependencies": {
      "babel-core": "^6.26.0",
      "babel-preset-env": "^1.6.1",
      "babelify": "^8.0.0",
      "browserify": "^16.0.0",
      "chai": "^4.1.2",
      "eslint": "^4.17.0",
      "eslint-plugin-bpmn-io": "^0.5.2",
      "karma": "^1.7.1",
      "karma-browserify": "^5.2.0",
      "karma-chai": "^0.1.0",
      "karma-chrome-launcher": "^0.1.2",
      "karma-firefox-launcher": "^0.1.3",
      "karma-ie-launcher": "^0.1.4",
      "karma-mocha": "^0.2.2",
      "karma-phantomjs-launcher": "^0.1.2",
      "karma-safari-launcher": "^0.1.1",
      "mocha": "^5.0.0",
      "mocha-test-container-support": "^0.1.0",
      "npm-run-all": "^4.1.2",
      "stringify": "^3.1.0",
      "watchify": "^3.10.0"
    },
    "dependencies": {
      "inherits": "^2.0.1",
      "bpmn-js": "^8.2.0"
    }
  }

yarn manifest: 
  No manifest

Lockfile: 
  No lockfile
